<?xml version="1.0" encoding="UTF-8"?>
<!-- Generated by org.testng.reporters.JUnitXMLReporter -->
<testsuite ignored="0" hostname="DESKTOP-C19AETB" failures="3" tests="3" name="SystemDemandTest" time="0.977" errors="0" timestamp="17 9月 2021 08:27:20 GMT">
  <testcase classname="com.qa.system.testcases.LoginTest" name="loginTest" time="0.402">
    <failure type="java.lang.AssertionError" message="expected [200] but found [404]">
      <![CDATA[java.lang.AssertionError: expected [200] but found [404]
at com.qa.util.HttpClientUtil.httpPostCookieUtil(HttpClientUtil.java:506)
at com.qa.system.testcases.LoginTest.loginTest(LoginTest.java:78)
... Removed 31 stack frames]]>
    </failure>
  </testcase> <!-- loginTest -->
  <testcase classname="com.qa.system.testcases.DemandTest" name="listTest" time="0.002">
    <failure type="java.lang.NullPointerException">
      <![CDATA[java.lang.NullPointerException
at com.qa.system.testcases.DemandTest.listTest(DemandTest.java:66)
... Removed 25 stack frames]]>
    </failure>
  </testcase> <!-- listTest -->
  <testcase classname="com.qa.system.testcases.DemandTest" name="listTest" time="0.002">
    <failure type="java.lang.NullPointerException">
      <![CDATA[java.lang.NullPointerException
at com.qa.system.testcases.DemandTest.listTest(DemandTest.java:66)
... Removed 25 stack frames]]>
    </failure>
  </testcase> <!-- listTest -->
</testsuite> <!-- SystemDemandTest -->
