<?xml version="1.0" encoding="UTF-8"?>
<!-- Generated by org.testng.reporters.JUnitXMLReporter -->
<testsuite ignored="0" hostname="DESKTOP-C19AETB" failures="1" tests="1" name="SystemLoginTest" time="0.039" errors="0" timestamp="20 4月 2021 07:41:23 GMT">
  <testcase classname="com.qa.system.testcases.LoginTest" name="loginTest" time="0.024">
    <failure type="org.testng.internal.reflect.MethodMatcherException" message="
Data provider mismatch
Method: loginTest([Parameter{index=0, type=org.testng.ITestContext, declaredAnnotations=[]}, Parameter{index=1, type=java.lang.String, declaredAnnotations=[]}, Parameter{index=2, type=java.lang.String, declaredAnnotations=[]}])
Arguments: [(java.lang.String) ,(java.lang.String) ,(java.lang.String) 用户名密码都为空时]">
      <![CDATA[org.testng.internal.reflect.MethodMatcherException: 
Data provider mismatch
Arguments: [(java.lang.String) ,(java.lang.String) ,(java.lang.String) 用户名密码都为空时]
... Removed 21 stack frames]]>
    </failure>
  </testcase> <!-- loginTest -->
</testsuite> <!-- SystemLoginTest -->
