<?xml version="1.0" encoding="UTF-8"?>
<!-- Generated by org.testng.reporters.JUnitXMLReporter -->
<testsuite ignored="0" hostname="DESKTOP-C19AETB" failures="1" tests="1" name="SystemDemandTest(failed)" time="0.412" errors="0" timestamp="19 4月 2021 06:08:47 GMT">
  <testcase classname="com.qa.system.testcases.DemandTest" name="listTest" time="0.031">
    <failure type="java.lang.NullPointerException">
      <![CDATA[java.lang.NullPointerException
at com.qa.system.testcases.DemandTest.listTest(DemandTest.java:73)
... Removed 25 stack frames]]>
    </failure>
  </testcase> <!-- listTest -->
</testsuite> <!-- SystemDemandTest(failed) -->
