<?xml version="1.0" encoding="UTF-8"?>
<!-- Generated by org.testng.reporters.JUnitXMLReporter -->
<testsuite ignored="0" hostname="DESKTOP-C19AETB" failures="5" tests="5" name="ApiLoginTest" time="0.91" errors="0" timestamp="17 9月 2021 08:26:44 GMT">
  <testcase classname="com.qa.api.testcases.LoginTest" name="loginTest" time="0.527">
    <failure type="java.lang.AssertionError" message="expected [200] but found [404]">
      <![CDATA[java.lang.AssertionError: expected [200] but found [404]
at com.qa.util.HttpClientUtil.httpPostCookieUtil(HttpClientUtil.java:506)
at com.qa.api.testcases.LoginTest.login(LoginTest.java:48)
at com.qa.api.testcases.LoginTest.loginTest(LoginTest.java:19)
... Removed 31 stack frames]]>
    </failure>
  </testcase> <!-- loginTest -->
  <testcase classname="com.qa.api.testcases.LoginTest" name="loginTest" time="0.079">
    <failure type="java.lang.AssertionError" message="expected [200] but found [404]">
      <![CDATA[java.lang.AssertionError: expected [200] but found [404]
at com.qa.util.HttpClientUtil.httpPostCookieUtil(HttpClientUtil.java:506)
at com.qa.api.testcases.LoginTest.login(LoginTest.java:48)
at com.qa.api.testcases.LoginTest.loginTest(LoginTest.java:19)
... Removed 31 stack frames]]>
    </failure>
  </testcase> <!-- loginTest -->
  <testcase classname="com.qa.api.testcases.LoginTest" name="loginTest" time="0.083">
    <failure type="java.lang.AssertionError" message="expected [200] but found [404]">
      <![CDATA[java.lang.AssertionError: expected [200] but found [404]
at com.qa.util.HttpClientUtil.httpPostCookieUtil(HttpClientUtil.java:506)
at com.qa.api.testcases.LoginTest.login(LoginTest.java:48)
at com.qa.api.testcases.LoginTest.loginTest(LoginTest.java:19)
... Removed 31 stack frames]]>
    </failure>
  </testcase> <!-- loginTest -->
  <testcase classname="com.qa.api.testcases.LoginTest" name="loginTest" time="0.083">
    <failure type="java.lang.AssertionError" message="expected [200] but found [404]">
      <![CDATA[java.lang.AssertionError: expected [200] but found [404]
at com.qa.util.HttpClientUtil.httpPostCookieUtil(HttpClientUtil.java:506)
at com.qa.api.testcases.LoginTest.login(LoginTest.java:48)
at com.qa.api.testcases.LoginTest.loginTest(LoginTest.java:19)
... Removed 31 stack frames]]>
    </failure>
  </testcase> <!-- loginTest -->
  <testcase classname="com.qa.api.testcases.LoginTest" name="loginTest" time="0.087">
    <failure type="java.lang.AssertionError" message="expected [200] but found [404]">
      <![CDATA[java.lang.AssertionError: expected [200] but found [404]
at com.qa.util.HttpClientUtil.httpPostCookieUtil(HttpClientUtil.java:506)
at com.qa.api.testcases.LoginTest.login(LoginTest.java:48)
at com.qa.api.testcases.LoginTest.loginTest(LoginTest.java:19)
... Removed 31 stack frames]]>
    </failure>
  </testcase> <!-- loginTest -->
</testsuite> <!-- ApiLoginTest -->
