<?xml version="1.0" encoding="UTF-8"?>
<testng-results ignored="0" total="1" passed="1" failed="0" skipped="0">
  <reporter-output>
  </reporter-output>
  <suite started-at="2021-03-29T11:30:01 CST" name="Default suite" finished-at="2021-03-29T11:30:03 CST" duration-ms="2254">
    <groups>
    </groups>
    <test started-at="2021-03-29T11:30:01 CST" name="Default test" finished-at="2021-03-29T11:30:03 CST" duration-ms="2254">
      <class name="com.mytest.httpclient.test.testGet">
        <test-method is-config="true" signature="setUp()[pri:0, instance:com.mytest.httpclient.test.testGet@770d3326]" started-at="2021-03-29T11:30:01 CST" name="setUp" finished-at="2021-03-29T11:30:01 CST" duration-ms="263" status="PASS">
          <reporter-output>
          </reporter-output>
        </test-method> <!-- setUp -->
        <test-method signature="getTest()[pri:0, instance:com.mytest.httpclient.test.testGet@770d3326]" started-at="2021-03-29T11:30:01 CST" name="getTest" finished-at="2021-03-29T11:30:03 CST" duration-ms="1972" status="PASS">
          <reporter-output>
          </reporter-output>
        </test-method> <!-- getTest -->
      </class> <!-- com.mytest.httpclient.test.testGet -->
    </test> <!-- Default test -->
  </suite> <!-- Default suite -->
</testng-results>
